This is pdfTeX, Version 3.14159265-2.6-1.40.17 (TeX Live 2016) (preloaded format=pdflatex 2017.6.15)  15 APR 2018 12:35
entering extended mode
 restricted \write18 enabled.
 file:line:error style messages enabled.
 %&-line parsing enabled.
**"/Users/claudio/Library/Mobile Documents/com~apple~CloudDocs/Magistrale/LUS/L
US.P1/acl18-latex/main.tex"

! Emergency stop.
<to be read again> 
                   \protect 
<*> "/Users/claudio/Library/Mobile Documents/com~
                                                 apple~CloudDocs/Magistrale/...
*** (job aborted, file error in nonstop mode)

 
Here is how much of TeX's memory you used:
 4 strings out of 493013
 140 string characters out of 6133343
 53646 words of memory out of 5000000
 3649 multiletter control sequences out of 15000+600000
 3640 words of font info for 14 fonts, out of 8000000 for 9000
 1141 hyphenation exceptions out of 8191
 3i,0n,0p,1b,6s stack positions out of 5000i,500n,10000p,200000b,80000s
!  ==> Fatal error occurred, no output PDF file produced!
